C:\Users\ASUS\Desktop\sml testing\CS320-2023-Spring-afiqk\CS320-2023-Spring-afiqk> c: && cd "c:\Users\ASUS\Desktop\sml testing\CS320-2023-Spring-afiqk\CS320-2023-Spring-afiqk" && cmd /C "C:\Python310\python.exe c:\Users\ASUS\.vscode\extensions\ms-python.python-2023.2.0\pythonFiles\lib\python\debugpy\adapter/../..\debugpy\launcher 63313 -- "c:\Users\ASUS\Desktop\sml testing\CS320-2023-Spring-afiqk\CS320-2023-Spring-afiqk\assigns\02\MySolution\assign02_01_test.py" "
[import ./../assign02.py] is done!
[import ./../MySolution/assign02_01.py] is done!
xs = (1;2;3)
xs = (1;2;3;1;2;3)
xs = (3;2;1;3;2;1)
xs = (1;2;3;1;2;3;3;2;1;3;2;1)
Assign02-01-test passed!


C:\Users\ASUS\Desktop\sml testing\CS320-2023-Spring-afiqk\CS320-2023-Spring-afiqk> c: && cd "c:\Users\ASUS\Desktop\sml testing\CS320-2023-Spring-afiqk\CS320-2023-Spring-afiqk" && cmd /C "C:\Python310\python.exe c:\Users\ASUS\.vscode\extensions\ms-python.python-2023.2.0\pythonFiles\lib\python\debugpy\adapter/../..\debugpy\launcher 63321 -- "c:\Users\ASUS\Desktop\sml testing\CS320-2023-Spring-afiqk\CS320-2023-Spring-afiqk\assigns\02\MySolution\assign02_02_test.py" "
[import ./../assign02.py] is done!
[import ./../assign02.py] is done!
[import ./../MySolution/assign02_02.py] is done!
xs = (1;2;4;3;1;3;4;2;1;2;4;3;1;3;4;2;1;2;4;3;1;3;4;2;1;2;4;3;1;3;4;2)
ys = (1;1;1;1;1;1;1;1;2;2;2;2;2;2;2;2;3;3;3;3;3;3;3;3;4;4;4;4;4;4;4;4)
Assign02-02-test passed!


C:\Users\ASUS\Desktop\sml testing\CS320-2023-Spring-afiqk\CS320-2023-Spring-afiqk> c: && cd "c:\Users\ASUS\Desktop\sml testing\CS320-2023-Spring-afiqk\CS320-2023-Spring-afiqk" && cmd /C "C:\Python310\python.exe c:\Users\ASUS\.vscode\extensions\ms-python.python-2023.2.0\pythonFiles\lib\python\debugpy\adapter/../..\debugpy\launcher 63327 -- "c:\Users\ASUS\Desktop\sml testing\CS320-2023-Spring-afiqk\CS320-2023-Spring-afiqk\assigns\02\MySolution\assign02_03_test.py" "
[import ./../assign02.py] is done!
[import ./../assign02.py] is done!
[import ./../MySolution/assign02_03.py] is done!
xs = (1;2;4;3;1;3;4;2;1;2;4;3;1;3;4;2;1;2;4;3;1;3;4;2;1;2;4;3;1;3;4;2)
ys = (1;1;1;1;1;1;1;1;2;2;2;2;2;2;2;2;3;3;3;3;3;3;3;3;4;4;4;4;4;4;4;4)
ys = (1;1;1;1;1;1;1;1;2;2;2;2;2;2;2;2;3;3;3;3;3;3;3;3;4;4;4;4;4;4;4;4)
Assign02-03-test passed!